<?xml version="1.0" encoding="UTF-8"?>
<!-- Generated by org.testng.reporters.JUnitReportReporter -->
<testsuite name="DriverFactory.AppTest" tests="1" time="60.624" ignored="0" failures="0" timestamp="24 Dec 2018 08:20:54 GMT" skipped="0" hostname="shafi-PC" errors="0">
  <testcase name="kickStart" time="60.624" classname="DriverFactory.AppTest"/>
</testsuite> <!-- DriverFactory.AppTest -->
