<?xml version="1.0" encoding="UTF-8"?>
<!-- Generated by org.testng.reporters.JUnitReportReporter -->
<testsuite name="com.testing.khan.mavenproject.AppTest" tests="1" time="0.005" ignored="0" failures="0" timestamp="24 Dec 2018 08:20:55 GMT" skipped="0" hostname="shafi-PC" errors="0">
  <testcase name="testApp" time="0.005" classname="com.testing.khan.mavenproject.AppTest"/>
</testsuite> <!-- com.testing.khan.mavenproject.AppTest -->
